<?xml version="1.0" encoding="UTF-8"?>
<testsuite xmlns:xsi="http://www.w3.org/2001/XMLSchema-instance" xsi:noNamespaceSchemaLocation="https://maven.apache.org/surefire/maven-surefire-plugin/xsd/surefire-test-report.xsd" name="TestSuite" time="42.142" tests="4" errors="0" skipped="0" failures="3">
  <properties>
[...]
</properties>
  <testcase name="createIssue" classname="com.myapiproject.api.CreateJiraIssue" time="2.86">
    <failure message="1 expectation failed.&#10;Expected status code &lt;200&gt; doesn&apos;t match actual status code &lt;403&gt;.&#10;" type="java.lang.AssertionError"><![CDATA[java.lang.AssertionError: 
1 expectation failed.
Expected status code <200> doesn't match actual status code <403>.

	at com.myapiproject.api.CreateJiraIssue.createIssue(CreateJiraIssue.java:26)
]]></failure>
    <system-out><![CDATA[...
... TestNG 6.9.8 by Cédric Beust (cedric@beust.com)
...

log4j: reset attribute= "false".
log4j: Threshold ="null".
log4j: Level value for root is  [DEBUG].
log4j: root level set to DEBUG
log4j: Class name: [org.apache.log4j.RollingFileAppender]
log4j: Setting property [append] to [true].
log4j: Setting property [maxFileSize] to [2MB].
log4j: Setting property [maxBackupIndex] to [5].
log4j: Setting property [file] to [logs/mainlog.log].
log4j: Parsing layout of class: "org.apache.log4j.PatternLayout"
log4j: Setting property [conversionPattern] to [%d{yyyy-MM-dd HH:mm:ss} %-5p %c{1}:%L - %m%n].
log4j: setFile called: logs/mainlog.log, true
log4j: setFile ended
log4j: Adding appender named [file] to category [root].
]]></system-out>
  </testcase>
  <testcase name="getAuthtication" classname="com.myapiproject.api.CreateJiraIssue" time="0.064">
    <failure message="1 expectation failed.&#10;Expected status code &lt;200&gt; doesn&apos;t match actual status code &lt;403&gt;.&#10;" type="java.lang.AssertionError"><![CDATA[java.lang.AssertionError: 
1 expectation failed.
Expected status code <200> doesn't match actual status code <403>.

]]></failure>
  </testcase>
  <testcase name="getAuthtication" classname="com.myapiproject.api.GetJiraAUTH" time="0.054">
    <failure message="1 expectation failed.&#10;Expected status code &lt;200&gt; doesn&apos;t match actual status code &lt;403&gt;.&#10;" type="java.lang.AssertionError"><![CDATA[java.lang.AssertionError: 
1 expectation failed.
Expected status code <200> doesn't match actual status code <403>.

	at com.myapiproject.api.GetJiraAUTH.getAuthtication(GetJiraAUTH.java:28)
]]></failure>
  </testcase>
  <testcase name="checkPageTitles" classname="webTest.CheckTitle" time="37.792"/>
</testsuite>