<?xml version="1.0" encoding="UTF-8"?>
<testng-results skipped="0" failed="0" total="1" passed="1">
  <reporter-output>
  </reporter-output>
  <suite name="Default suite" duration-ms="16598" started-at="2018-10-04T13:30:54Z" finished-at="2018-10-04T13:31:10Z">
    <groups>
    </groups>
    <test name="Default test" duration-ms="16598" started-at="2018-10-04T13:30:54Z" finished-at="2018-10-04T13:31:10Z">
      <class name="webTest.CheckTitle">
        <test-method status="PASS" signature="checkPageTitles()[pri:0, instance:webTest.CheckTitle@d8355a8]" name="checkPageTitles" duration-ms="16574" started-at="2018-10-04T19:00:54Z" finished-at="2018-10-04T19:01:10Z">
          <reporter-output>
          </reporter-output>
        </test-method> <!-- checkPageTitles -->
      </class> <!-- webTest.CheckTitle -->
    </test> <!-- Default test -->
  </suite> <!-- Default suite -->
</testng-results>
