<?xml version="1.0" encoding="UTF-8"?>
<testng-results skipped="0" failed="0" total="1" passed="1">
  <reporter-output>
  </reporter-output>
  <suite name="Default suite" duration-ms="25739" started-at="2018-10-04T19:23:03Z" finished-at="2018-10-04T19:23:29Z">
    <groups>
    </groups>
    <test name="Default test" duration-ms="25739" started-at="2018-10-04T19:23:03Z" finished-at="2018-10-04T19:23:29Z">
      <class name="webTest.CheckTitle">
        <test-method status="PASS" signature="checkPageTitles()[pri:0, instance:webTest.CheckTitle@47c62251]" name="checkPageTitles" duration-ms="25702" started-at="2018-10-05T00:53:03Z" finished-at="2018-10-05T00:53:29Z">
          <reporter-output>
          </reporter-output>
        </test-method> <!-- checkPageTitles -->
        <test-method status="PASS" signature="killDriver()[pri:0, instance:webTest.CheckTitle@47c62251]" name="killDriver" is-config="true" duration-ms="172" started-at="2018-10-05T00:53:29Z" finished-at="2018-10-05T00:53:29Z">
          <reporter-output>
          </reporter-output>
        </test-method> <!-- killDriver -->
      </class> <!-- webTest.CheckTitle -->
    </test> <!-- Default test -->
  </suite> <!-- Default suite -->
</testng-results>
